<?xml version="1.0" encoding="UTF-8"?>
<testsuite name="kr.co.recreator.week04.Week04ApplicationTests" tests="1" skipped="0" failures="0" errors="0" timestamp="2022-04-26T08:30:03" hostname="SKY.local" time="0.173">
  <properties/>
  <testcase name="contextLoads()" classname="kr.co.recreator.week04.Week04ApplicationTests" time="0.173"/>
  <system-out><![CDATA[17:29:53.858 [Test worker] DEBUG org.springframework.test.context.BootstrapUtils - Instantiating CacheAwareContextLoaderDelegate from class [org.springframework.test.context.cache.DefaultCacheAwareContextLoaderDelegate]
17:29:53.873 [Test worker] DEBUG org.springframework.test.context.BootstrapUtils - Instantiating BootstrapContext using constructor [public org.springframework.test.context.support.DefaultBootstrapContext(java.lang.Class,org.springframework.test.context.CacheAwareContextLoaderDelegate)]
17:29:53.996 [Test worker] DEBUG org.springframework.test.context.BootstrapUtils - Instantiating TestContextBootstrapper for test class [kr.co.recreator.week04.Week04ApplicationTests] from class [org.springframework.boot.test.context.SpringBootTestContextBootstrapper]
17:29:54.019 [Test worker] INFO org.springframework.boot.test.context.SpringBootTestContextBootstrapper - Neither @ContextConfiguration nor @ContextHierarchy found for test class [kr.co.recreator.week04.Week04ApplicationTests], using SpringBootContextLoader
17:29:54.026 [Test worker] DEBUG org.springframework.test.context.support.AbstractContextLoader - Did not detect default resource location for test class [kr.co.recreator.week04.Week04ApplicationTests]: class path resource [kr/co/recreator/week04/Week04ApplicationTests-context.xml] does not exist
17:29:54.026 [Test worker] DEBUG org.springframework.test.context.support.AbstractContextLoader - Did not detect default resource location for test class [kr.co.recreator.week04.Week04ApplicationTests]: class path resource [kr/co/recreator/week04/Week04ApplicationTestsContext.groovy] does not exist
17:29:54.027 [Test worker] INFO org.springframework.test.context.support.AbstractContextLoader - Could not detect default resource locations for test class [kr.co.recreator.week04.Week04ApplicationTests]: no resource found for suffixes {-context.xml, Context.groovy}.
17:29:54.028 [Test worker] INFO org.springframework.test.context.support.AnnotationConfigContextLoaderUtils - Could not detect default configuration classes for test class [kr.co.recreator.week04.Week04ApplicationTests]: Week04ApplicationTests does not declare any static, non-private, non-final, nested classes annotated with @Configuration.
17:29:54.099 [Test worker] DEBUG org.springframework.test.context.support.ActiveProfilesUtils - Could not find an 'annotation declaring class' for annotation type [org.springframework.test.context.ActiveProfiles] and class [kr.co.recreator.week04.Week04ApplicationTests]
17:29:54.241 [Test worker] DEBUG org.springframework.context.annotation.ClassPathScanningCandidateComponentProvider - Identified candidate component class: file [/Users/stone14/dev/java/sp/week04/build/classes/java/main/kr/co/recreator/week04/Week04Application.class]
17:29:54.244 [Test worker] INFO org.springframework.boot.test.context.SpringBootTestContextBootstrapper - Found @SpringBootConfiguration kr.co.recreator.week04.Week04Application for test class kr.co.recreator.week04.Week04ApplicationTests
17:29:54.383 [Test worker] DEBUG org.springframework.boot.test.context.SpringBootTestContextBootstrapper - @TestExecutionListeners is not present for class [kr.co.recreator.week04.Week04ApplicationTests]: using defaults.
17:29:54.383 [Test worker] INFO org.springframework.boot.test.context.SpringBootTestContextBootstrapper - Loaded default TestExecutionListener class names from location [META-INF/spring.factories]: [org.springframework.boot.test.autoconfigure.restdocs.RestDocsTestExecutionListener, org.springframework.boot.test.autoconfigure.web.client.MockRestServiceServerResetTestExecutionListener, org.springframework.boot.test.autoconfigure.web.servlet.MockMvcPrintOnlyOnFailureTestExecutionListener, org.springframework.boot.test.autoconfigure.web.servlet.WebDriverTestExecutionListener, org.springframework.boot.test.autoconfigure.webservices.client.MockWebServiceServerTestExecutionListener, org.springframework.boot.test.mock.mockito.MockitoTestExecutionListener, org.springframework.boot.test.mock.mockito.ResetMocksTestExecutionListener, org.springframework.test.context.web.ServletTestExecutionListener, org.springframework.test.context.support.DirtiesContextBeforeModesTestExecutionListener, org.springframework.test.context.event.ApplicationEventsTestExecutionListener, org.springframework.test.context.support.DependencyInjectionTestExecutionListener, org.springframework.test.context.support.DirtiesContextTestExecutionListener, org.springframework.test.context.transaction.TransactionalTestExecutionListener, org.springframework.test.context.jdbc.SqlScriptsTestExecutionListener, org.springframework.test.context.event.EventPublishingTestExecutionListener]
17:29:54.400 [Test worker] INFO org.springframework.boot.test.context.SpringBootTestContextBootstrapper - Using TestExecutionListeners: [org.springframework.test.context.web.ServletTestExecutionListener@5c77053b, org.springframework.test.context.support.DirtiesContextBeforeModesTestExecutionListener@26b894bd, org.springframework.test.context.event.ApplicationEventsTestExecutionListener@287f94b1, org.springframework.boot.test.mock.mockito.MockitoTestExecutionListener@30b34287, org.springframework.boot.test.autoconfigure.SpringBootDependencyInjectionTestExecutionListener@5489c777, org.springframework.test.context.support.DirtiesContextTestExecutionListener@3676ac27, org.springframework.test.context.transaction.TransactionalTestExecutionListener@62f87c44, org.springframework.test.context.jdbc.SqlScriptsTestExecutionListener@48f5bde6, org.springframework.test.context.event.EventPublishingTestExecutionListener@525d79f0, org.springframework.boot.test.autoconfigure.restdocs.RestDocsTestExecutionListener@5149f008, org.springframework.boot.test.autoconfigure.web.client.MockRestServiceServerResetTestExecutionListener@7072bc39, org.springframework.boot.test.autoconfigure.web.servlet.MockMvcPrintOnlyOnFailureTestExecutionListener@158d255c, org.springframework.boot.test.autoconfigure.web.servlet.WebDriverTestExecutionListener@2ca65ce4, org.springframework.boot.test.autoconfigure.webservices.client.MockWebServiceServerTestExecutionListener@327120c8, org.springframework.boot.test.mock.mockito.ResetMocksTestExecutionListener@5707c1cb]
17:29:54.403 [Test worker] DEBUG org.springframework.test.context.support.AbstractDirtiesContextTestExecutionListener - Before test class: context [DefaultTestContext@7646731d testClass = Week04ApplicationTests, testInstance = [null], testMethod = [null], testException = [null], mergedContextConfiguration = [WebMergedContextConfiguration@70e29e14 testClass = Week04ApplicationTests, locations = '{}', classes = '{class kr.co.recreator.week04.Week04Application}', contextInitializerClasses = '[]', activeProfiles = '{}', propertySourceLocations = '{}', propertySourceProperties = '{org.springframework.boot.test.context.SpringBootTestContextBootstrapper=true}', contextCustomizers = set[org.springframework.boot.test.autoconfigure.actuate.metrics.MetricsExportContextCustomizerFactory$DisableMetricExportContextCustomizer@6b7906b3, org.springframework.boot.test.autoconfigure.properties.PropertyMappingContextCustomizer@0, org.springframework.boot.test.autoconfigure.web.servlet.WebDriverContextCustomizerFactory$Customizer@2374d36a, org.springframework.boot.test.context.filter.ExcludeFilterContextCustomizer@1a45193b, org.springframework.boot.test.json.DuplicateJsonObjectContextCustomizerFactory$DuplicateJsonObjectContextCustomizer@6e6d5d29, org.springframework.boot.test.mock.mockito.MockitoContextCustomizer@0, org.springframework.boot.test.web.client.TestRestTemplateContextCustomizer@4795ded0, org.springframework.boot.test.context.SpringBootTestArgs@1, org.springframework.boot.test.context.SpringBootTestWebEnvironment@7dfd3c81], resourceBasePath = 'src/main/webapp', contextLoader = 'org.springframework.boot.test.context.SpringBootContextLoader', parent = [null]], attributes = map['org.springframework.test.context.web.ServletTestExecutionListener.activateListener' -> true]], class annotated with @DirtiesContext [false] with mode [null].

  .   ____          _            __ _ _
 /\\ / ___'_ __ _ _(_)_ __  __ _ \ \ \ \
( ( )\___ | '_ | '_| | '_ \/ _` | \ \ \ \
 \\/  ___)| |_)| | | | | || (_| |  ) ) ) )
  '  |____| .__|_| |_|_| |_\__, | / / / /
 =========|_|==============|___/=/_/_/_/
 :: Spring Boot ::                (v2.6.4)

2022-04-26 17:29:55.256  WARN 99103 --- [    Test worker] ory$DuplicateJsonObjectContextCustomizer : 

Found multiple occurrences of org.json.JSONObject on the class path:

	jar:file:/Users/stone14/.gradle/caches/modules-2/files-2.1/org.json/json/20160810/aca5eb39e2a12fddd6c472b240afe9ebea3a6733/json-20160810.jar!/org/json/JSONObject.class
	jar:file:/Users/stone14/.gradle/caches/modules-2/files-2.1/com.vaadin.external.google/android-json/0.0.20131108.vaadin1/fa26d351fe62a6a17f5cda1287c1c6110dec413f/android-json-0.0.20131108.vaadin1.jar!/org/json/JSONObject.class

You may wish to exclude one of them to ensure predictable runtime behavior

2022-04-26 17:29:55.308  INFO 99103 --- [    Test worker] k.c.r.week04.Week04ApplicationTests      : Starting Week04ApplicationTests using Java 11.0.2 on SKY.local with PID 99103 (started by stone14 in /Users/stone14/dev/java/sp/week04)
2022-04-26 17:29:55.312  INFO 99103 --- [    Test worker] k.c.r.week04.Week04ApplicationTests      : No active profile set, falling back to 1 default profile: "default"
2022-04-26 17:29:56.885  INFO 99103 --- [    Test worker] .s.d.r.c.RepositoryConfigurationDelegate : Bootstrapping Spring Data JPA repositories in DEFAULT mode.
2022-04-26 17:29:56.956  INFO 99103 --- [    Test worker] .s.d.r.c.RepositoryConfigurationDelegate : Finished Spring Data repository scanning in 63 ms. Found 1 JPA repository interfaces.
2022-04-26 17:29:58.351  INFO 99103 --- [    Test worker] com.zaxxer.hikari.HikariDataSource       : HikariPool-1 - Starting...
2022-04-26 17:29:58.650  INFO 99103 --- [    Test worker] com.zaxxer.hikari.HikariDataSource       : HikariPool-1 - Start completed.
2022-04-26 17:29:58.865  INFO 99103 --- [    Test worker] o.hibernate.jpa.internal.util.LogHelper  : HHH000204: Processing PersistenceUnitInfo [name: default]
2022-04-26 17:29:58.923  INFO 99103 --- [    Test worker] org.hibernate.Version                    : HHH000412: Hibernate ORM core version 5.6.5.Final
2022-04-26 17:29:59.136  INFO 99103 --- [    Test worker] o.hibernate.annotations.common.Version   : HCANN000001: Hibernate Commons Annotations {5.1.2.Final}
2022-04-26 17:29:59.277  INFO 99103 --- [    Test worker] org.hibernate.dialect.Dialect            : HHH000400: Using dialect: org.hibernate.dialect.H2Dialect
2022-04-26 17:30:00.075  INFO 99103 --- [    Test worker] o.h.e.t.j.p.i.JtaPlatformInitiator       : HHH000490: Using JtaPlatform implementation: [org.hibernate.engine.transaction.jta.platform.internal.NoJtaPlatform]
2022-04-26 17:30:00.086  INFO 99103 --- [    Test worker] j.LocalContainerEntityManagerFactoryBean : Initialized JPA EntityManagerFactory for persistence unit 'default'
2022-04-26 17:30:02.027  WARN 99103 --- [    Test worker] JpaBaseConfiguration$JpaWebConfiguration : spring.jpa.open-in-view is enabled by default. Therefore, database queries may be performed during view rendering. Explicitly configure spring.jpa.open-in-view to disable this warning
2022-04-26 17:30:02.995  INFO 99103 --- [    Test worker] o.s.b.a.w.s.WelcomePageHandlerMapping    : Adding welcome page: class path resource [static/index.html]
2022-04-26 17:30:03.606  INFO 99103 --- [    Test worker] k.c.r.week04.Week04ApplicationTests      : Started Week04ApplicationTests in 9.014 seconds (JVM running for 11.25)
]]></system-out>
  <system-err><![CDATA[]]></system-err>
</testsuite>
